<?xml version="1.0" encoding="UTF-8"?>
<testsuite name="com.beyond3.yyGang.cart.CartServiceTest" tests="1" skipped="0" failures="1" errors="0" timestamp="2025-02-21T06:15:08" hostname="DESKTOP-515K6GN" time="1.271">
  <properties/>
  <testcase name="장바구니 담기 테스트" classname="com.beyond3.yyGang.cart.CartServiceTest" time="1.271">
    <failure message="java.util.NoSuchElementException" type="java.util.NoSuchElementException">java.util.NoSuchElementException
	at java.base/java.util.ArrayList.getFirst(ArrayList.java:440)
	at com.beyond3.yyGang.cart.CartRepository.findCartByUserId(CartRepository.java:37)
	at java.base/jdk.internal.reflect.DirectMethodHandleAccessor.invoke(DirectMethodHandleAccessor.java:103)
	at java.base/java.lang.reflect.Method.invoke(Method.java:580)
	at org.springframework.aop.support.AopUtils.invokeJoinpointUsingReflection(AopUtils.java:359)
	at org.springframework.aop.framework.ReflectiveMethodInvocation.invokeJoinpoint(ReflectiveMethodInvocation.java:196)
	at org.springframework.aop.framework.ReflectiveMethodInvocation.proceed(ReflectiveMethodInvocation.java:163)
	at org.springframework.dao.support.PersistenceExceptionTranslationInterceptor.invoke(PersistenceExceptionTranslationInterceptor.java:138)
	at org.springframework.aop.framework.ReflectiveMethodInvocation.proceed(ReflectiveMethodInvocation.java:184)
	at org.springframework.aop.framework.CglibAopProxy$DynamicAdvisedInterceptor.intercept(CglibAopProxy.java:727)
	at com.beyond3.yyGang.cart.CartRepository$$SpringCGLIB$$0.findCartByUserId(&lt;generated&gt;)
	at com.beyond3.yyGang.cart.CartService.addCart(CartService.java:32)
	at java.base/jdk.internal.reflect.DirectMethodHandleAccessor.invoke(DirectMethodHandleAccessor.java:103)
	at java.base/java.lang.reflect.Method.invoke(Method.java:580)
	at org.springframework.aop.support.AopUtils.invokeJoinpointUsingReflection(AopUtils.java:359)
	at org.springframework.aop.framework.ReflectiveMethodInvocation.invokeJoinpoint(ReflectiveMethodInvocation.java:196)
	at org.springframework.aop.framework.ReflectiveMethodInvocation.proceed(ReflectiveMethodInvocation.java:163)
	at org.springframework.transaction.interceptor.TransactionAspectSupport.invokeWithinTransaction(TransactionAspectSupport.java:380)
	at org.springframework.transaction.interceptor.TransactionInterceptor.invoke(TransactionInterceptor.java:119)
	at org.springframework.aop.framework.ReflectiveMethodInvocation.proceed(ReflectiveMethodInvocation.java:184)
	at org.springframework.aop.framework.CglibAopProxy$DynamicAdvisedInterceptor.intercept(CglibAopProxy.java:727)
	at com.beyond3.yyGang.cart.CartService$$SpringCGLIB$$0.addCart(&lt;generated&gt;)
	at com.beyond3.yyGang.cart.CartServiceTest.addCart(CartServiceTest.java:58)
	at java.base/java.lang.reflect.Method.invoke(Method.java:580)
	at java.base/java.util.ArrayList.forEach(ArrayList.java:1597)
	at java.base/java.util.ArrayList.forEach(ArrayList.java:1597)
</failure>
  </testcase>
  <system-out><![CDATA[15:15:03.172 [Test worker] INFO org.springframework.test.context.support.AnnotationConfigContextLoaderUtils -- Could not detect default configuration classes for test class [com.beyond3.yyGang.cart.CartServiceTest]: CartServiceTest does not declare any static, non-private, non-final, nested classes annotated with @Configuration.
15:15:03.352 [Test worker] INFO org.springframework.boot.test.context.SpringBootTestContextBootstrapper -- Found @SpringBootConfiguration com.beyond3.yyGang.yyGangApplication for test class com.beyond3.yyGang.cart.CartServiceTest

  .   ____          _            __ _ _
 /\\ / ___'_ __ _ _(_)_ __  __ _ \ \ \ \
( ( )\___ | '_ | '_| | '_ \/ _` | \ \ \ \
 \\/  ___)| |_)| | | | | || (_| |  ) ) ) )
  '  |____| .__|_| |_|_| |_\__, | / / / /
 =========|_|==============|___/=/_/_/_/

 :: Spring Boot ::                (v3.4.2)

2025-02-21T15:15:03.864+09:00  INFO 144 --- [yyGang] [    Test worker] c.beyond3.yyGang.cart.CartServiceTest    : Starting CartServiceTest using Java 23.0.2 with PID 144 (started by doyun in C:\Users\yyGang)
2025-02-21T15:15:03.866+09:00  INFO 144 --- [yyGang] [    Test worker] c.beyond3.yyGang.cart.CartServiceTest    : No active profile set, falling back to 1 default profile: "default"
2025-02-21T15:15:04.872+09:00  INFO 144 --- [yyGang] [    Test worker] .s.d.r.c.RepositoryConfigurationDelegate : Bootstrapping Spring Data JPA repositories in DEFAULT mode.
2025-02-21T15:15:04.904+09:00  INFO 144 --- [yyGang] [    Test worker] .s.d.r.c.RepositoryConfigurationDelegate : Finished Spring Data repository scanning in 20 ms. Found 0 JPA repository interfaces.
2025-02-21T15:15:05.225+09:00  WARN 144 --- [yyGang] [    Test worker] trationDelegate$BeanPostProcessorChecker : Bean 'org.springframework.ws.config.annotation.DelegatingWsConfiguration' of type [org.springframework.ws.config.annotation.DelegatingWsConfiguration$$SpringCGLIB$$0] is not eligible for getting processed by all BeanPostProcessors (for example: not eligible for auto-proxying). The currently created BeanPostProcessor [annotationActionEndpointMapping] is declared through a non-static factory method on that class; consider declaring it as static instead.
2025-02-21T15:15:05.254+09:00  INFO 144 --- [yyGang] [    Test worker] .w.s.a.s.AnnotationActionEndpointMapping : Supporting [WS-Addressing August 2004, WS-Addressing 1.0]
2025-02-21T15:15:05.519+09:00  INFO 144 --- [yyGang] [    Test worker] o.hibernate.jpa.internal.util.LogHelper  : HHH000204: Processing PersistenceUnitInfo [name: default]
2025-02-21T15:15:05.593+09:00  INFO 144 --- [yyGang] [    Test worker] org.hibernate.Version                    : HHH000412: Hibernate ORM core version 6.6.5.Final
2025-02-21T15:15:05.639+09:00  INFO 144 --- [yyGang] [    Test worker] o.h.c.internal.RegionFactoryInitiator    : HHH000026: Second-level cache disabled
2025-02-21T15:15:06.029+09:00  INFO 144 --- [yyGang] [    Test worker] o.s.o.j.p.SpringPersistenceUnitInfo      : No LoadTimeWeaver setup: ignoring JPA class transformer
2025-02-21T15:15:06.069+09:00  INFO 144 --- [yyGang] [    Test worker] com.zaxxer.hikari.HikariDataSource       : HikariPool-1 - Starting...
2025-02-21T15:15:06.172+09:00  INFO 144 --- [yyGang] [    Test worker] com.zaxxer.hikari.pool.HikariPool        : HikariPool-1 - Added connection org.mariadb.jdbc.Connection@8549c5f
2025-02-21T15:15:06.174+09:00  INFO 144 --- [yyGang] [    Test worker] com.zaxxer.hikari.HikariDataSource       : HikariPool-1 - Start completed.
2025-02-21T15:15:06.203+09:00  WARN 144 --- [yyGang] [    Test worker] org.hibernate.orm.deprecation            : HHH90000025: MySQLDialect does not need to be specified explicitly using 'hibernate.dialect' (remove the property setting and it will be selected by default)
2025-02-21T15:15:06.223+09:00  INFO 144 --- [yyGang] [    Test worker] org.hibernate.orm.connections.pooling    : HHH10001005: Database info:
	Database JDBC URL [Connecting through datasource 'HikariDataSource (HikariPool-1)']
	Database driver: undefined/unknown
	Database version: 11.4.4
	Autocommit mode: undefined/unknown
	Isolation level: undefined/unknown
	Minimum pool size: undefined/unknown
	Maximum pool size: undefined/unknown
2025-02-21T15:15:07.450+09:00  INFO 144 --- [yyGang] [    Test worker] o.h.e.t.j.p.i.JtaPlatformInitiator       : HHH000489: No JTA platform available (set 'hibernate.transaction.jta.platform' to enable JTA platform integration)
2025-02-21T15:15:07.549+09:00  INFO 144 --- [yyGang] [    Test worker] j.LocalContainerEntityManagerFactoryBean : Initialized JPA EntityManagerFactory for persistence unit 'default'
2025-02-21T15:15:07.980+09:00  WARN 144 --- [yyGang] [    Test worker] JpaBaseConfiguration$JpaWebConfiguration : spring.jpa.open-in-view is enabled by default. Therefore, database queries may be performed during view rendering. Explicitly configure spring.jpa.open-in-view to disable this warning
2025-02-21T15:15:08.013+09:00  INFO 144 --- [yyGang] [    Test worker] o.s.b.a.w.s.WelcomePageHandlerMapping    : Adding welcome page template: index
2025-02-21T15:15:08.046+09:00  INFO 144 --- [yyGang] [    Test worker] o.s.v.b.OptionalValidatorFactoryBean     : Failed to set up a Bean Validation provider: jakarta.validation.NoProviderFoundException: Unable to create a Configuration, because no Jakarta Bean Validation provider could be found. Add a provider like Hibernate Validator (RI) to your classpath.
2025-02-21T15:15:08.658+09:00  INFO 144 --- [yyGang] [    Test worker] c.beyond3.yyGang.cart.CartServiceTest    : Started CartServiceTest in 5.082 seconds (process running for 6.593)
Hibernate: 
    select
        next_val as id_val 
    from
        n_supplements_seq for update
Hibernate: 
    update
        n_supplements_seq 
    set
        next_val= ? 
    where
        next_val=?
Hibernate: 
    insert 
    into
        n_supplements
        (brand, caution, price, product_name, products_id) 
    values
        (?, ?, ?, ?, ?)
Hibernate: 
    select
        next_val as id_val 
    from
        user_seq for update
Hibernate: 
    update
        user_seq 
    set
        next_val= ? 
    where
        next_val=?
Hibernate: 
    insert 
    into
        user
        (address, age, created_date, email, gender, name, password, phone, role_id, user_id) 
    values
        (?, ?, ?, ?, ?, ?, ?, ?, ?, ?)
Hibernate: 
    select
        u1_0.user_id,
        u1_0.address,
        u1_0.age,
        u1_0.created_date,
        u1_0.email,
        u1_0.gender,
        u1_0.name,
        u1_0.password,
        u1_0.phone,
        u1_0.role_id 
    from
        user u1_0 
    where
        u1_0.email=?
Hibernate: 
    select
        c1_0.cart_id,
        c1_0.count,
        c1_0.user_id 
    from
        cart c1_0 
    where
        c1_0.user_id=?
]]></system-out>
  <system-err><![CDATA[Mockito is currently self-attaching to enable the inline-mock-maker. This will no longer work in future releases of the JDK. Please add Mockito as an agent to your build what is described in Mockito's documentation: https://javadoc.io/doc/org.mockito/mockito-core/latest/org/mockito/Mockito.html#0.3
WARNING: A Java agent has been loaded dynamically (C:\Users\Spring\hello\gradle\caches\modules-2\files-2.1\net.bytebuddy\byte-buddy-agent\1.15.11\a38b16385e867f59a641330f0362ebe742788ed8\byte-buddy-agent-1.15.11.jar)
WARNING: If a serviceability tool is in use, please run with -XX:+EnableDynamicAgentLoading to hide this warning
WARNING: If a serviceability tool is not in use, please run with -Djdk.instrument.traceUsage for more information
WARNING: Dynamic loading of agents will be disallowed by default in a future release
]]></system-err>
</testsuite>
